Base path: 'E:/Software/Unity/2019.4.31f1/Editor/Data', plugins path 'E:/Software/Unity/2019.4.31f1/Editor/Data/PlaybackEngines'
Cmd: initializeCompiler
Cmd: preprocess
  insize=771 outsize=196 ok=1
Cmd: preprocess
  insize=771 outsize=196 ok=1
Cmd: preprocess
  insize=771 outsize=196 ok=1
Cmd: preprocess
  insize=771 outsize=196 ok=1
Cmd: preprocess
  insize=771 outsize=196 ok=1
Cmd: preprocess
  insize=771 outsize=196 ok=1
Cmd: preprocess
  insize=771 outsize=196 ok=1
Cmd: preprocess
  insize=771 outsize=196 ok=1
Cmd: preprocess
  insize=771 outsize=196 ok=1
Cmd: preprocess
  insize=771 outsize=196 ok=1
Cmd: preprocess
  insize=771 outsize=196 ok=1
Cmd: preprocess
  insize=771 outsize=196 ok=1
Cmd: preprocess
  insize=771 outsize=196 ok=1
Cmd: preprocess
  insize=771 outsize=196 ok=1
Cmd: preprocess
  insize=771 outsize=196 ok=1
Cmd: preprocess
  insize=771 outsize=196 ok=1
Cmd: preprocess
  insize=771 outsize=196 ok=1
Cmd: preprocess
  insize=771 outsize=196 ok=1
Cmd: preprocess
  insize=771 outsize=196 ok=1
Cmd: preprocess
  insize=771 outsize=196 ok=1
Cmd: preprocess
  insize=3684 outsize=592 ok=1
Cmd: preprocess
  insize=5404 outsize=599 ok=1
Cmd: preprocess
  insize=3951 outsize=602 ok=1
Cmd: preprocess
  insize=3684 outsize=591 ok=1
Cmd: preprocess
  insize=5515 outsize=595 ok=1
Cmd: preprocess
  insize=4819 outsize=594 ok=1
Cmd: preprocess
  insize=4504 outsize=600 ok=1
Cmd: preprocess
  insize=68426 outsize=2330 ok=1
Cmd: preprocess
  insize=6417 outsize=592 ok=1
Cmd: preprocess
  insize=3924 outsize=590 ok=1
Cmd: preprocess
  insize=8659 outsize=595 ok=1
Cmd: preprocess
  insize=3684 outsize=592 ok=1
Cmd: preprocess
  insize=771 outsize=196 ok=1
Cmd: preprocess
  insize=771 outsize=196 ok=1
Cmd: preprocess
  insize=771 outsize=196 ok=1
Cmd: preprocess
  insize=771 outsize=196 ok=1
Cmd: preprocess
  insize=771 outsize=196 ok=1
Cmd: preprocess
  insize=771 outsize=196 ok=1
Cmd: preprocess
  insize=771 outsize=196 ok=1
Cmd: preprocess
  insize=771 outsize=196 ok=1
Cmd: preprocess
  insize=771 outsize=196 ok=1
Cmd: preprocess
  insize=771 outsize=196 ok=1
Cmd: preprocess
  insize=771 outsize=196 ok=1
Cmd: preprocess
  insize=771 outsize=196 ok=1
Cmd: preprocess
  insize=771 outsize=196 ok=1
Cmd: preprocess
  insize=771 outsize=196 ok=1
Cmd: preprocess
  insize=771 outsize=196 ok=1
Cmd: preprocess
  insize=771 outsize=196 ok=1
Cmd: preprocess
  insize=771 outsize=196 ok=1
Cmd: preprocess
  insize=771 outsize=196 ok=1
Cmd: preprocess
  insize=771 outsize=196 ok=1
Cmd: preprocess
  insize=771 outsize=196 ok=1
Cmd: preprocess
  insize=771 outsize=196 ok=1
Cmd: preprocess
  insize=771 outsize=196 ok=1
Cmd: preprocess
  insize=74806 outsize=2524 ok=1
Cmd: preprocess
  insize=5795 outsize=632 ok=1
Cmd: preprocess
  insize=3527 outsize=631 ok=1
Cmd: preprocess
  insize=6086 outsize=630 ok=1
Cmd: preprocess
  insize=6410 outsize=633 ok=1
Cmd: preprocess
  insize=6689 outsize=628 ok=1
Cmd: preprocess
  insize=4050 outsize=634 ok=1
Cmd: preprocess
  insize=5401 outsize=638 ok=1
Cmd: preprocess
  insize=4183 outsize=639 ok=1
Cmd: preprocess
  insize=3527 outsize=632 ok=1
Cmd: preprocess
  insize=3604 outsize=636 ok=1
Cmd: preprocess
  insize=6130 outsize=633 ok=1
Cmd: preprocess
  insize=6799 outsize=627 ok=1
Cmd: preprocess
  insize=3577 outsize=632 ok=1
Cmd: preprocess
  insize=771 outsize=196 ok=1
Cmd: preprocess
  insize=771 outsize=196 ok=1
Cmd: preprocess
  insize=771 outsize=196 ok=1
Cmd: preprocess
  insize=771 outsize=196 ok=1
Cmd: preprocess
  insize=771 outsize=196 ok=1
Cmd: preprocess
  insize=771 outsize=196 ok=1
Cmd: preprocess
  insize=771 outsize=196 ok=1
Cmd: preprocess
  insize=771 outsize=196 ok=1
Cmd: preprocess
  insize=771 outsize=196 ok=1
Cmd: preprocess
  insize=771 outsize=196 ok=1
Cmd: preprocess
  insize=771 outsize=196 ok=1
Cmd: preprocess
  insize=771 outsize=196 ok=1
Cmd: preprocess
  insize=771 outsize=196 ok=1
Cmd: preprocess
  insize=771 outsize=196 ok=1
Cmd: preprocess
  insize=771 outsize=196 ok=1
Cmd: preprocess
  insize=771 outsize=196 ok=1
Cmd: preprocess
  insize=771 outsize=196 ok=1
Cmd: preprocess
  insize=771 outsize=196 ok=1
Cmd: preprocess
  insize=771 outsize=196 ok=1
Cmd: preprocess
  insize=771 outsize=196 ok=1
Cmd: preprocess
  insize=3684 outsize=592 ok=1
Cmd: preprocess
  insize=5404 outsize=599 ok=1
Cmd: preprocess
  insize=3951 outsize=602 ok=1
Cmd: preprocess
  insize=3684 outsize=591 ok=1
Cmd: preprocess
  insize=5515 outsize=595 ok=1
Cmd: preprocess
  insize=4819 outsize=594 ok=1
Cmd: preprocess
  insize=4504 outsize=600 ok=1
Cmd: preprocess
  insize=68426 outsize=2330 ok=1
Cmd: preprocess
  insize=6417 outsize=592 ok=1
Cmd: preprocess
  insize=3924 outsize=590 ok=1
Cmd: preprocess
  insize=8659 outsize=595 ok=1
Cmd: preprocess
  insize=3684 outsize=592 ok=1
Cmd: preprocess
  insize=771 outsize=196 ok=1
Cmd: preprocess
  insize=771 outsize=196 ok=1
Cmd: preprocess
  insize=771 outsize=196 ok=1
Cmd: preprocess
  insize=771 outsize=196 ok=1
Cmd: preprocess
  insize=771 outsize=196 ok=1
Cmd: preprocess
  insize=771 outsize=196 ok=1
Cmd: preprocess
  insize=771 outsize=196 ok=1
Cmd: preprocess
  insize=771 outsize=196 ok=1
Cmd: preprocess
  insize=771 outsize=196 ok=1
Cmd: preprocess
  insize=771 outsize=196 ok=1
Cmd: preprocess
  insize=771 outsize=196 ok=1
Cmd: preprocess
  insize=771 outsize=196 ok=1
Cmd: preprocess
  insize=771 outsize=196 ok=1
Cmd: preprocess
  insize=771 outsize=196 ok=1
Cmd: preprocess
  insize=771 outsize=196 ok=1
Cmd: preprocess
  insize=771 outsize=196 ok=1
Cmd: preprocess
  insize=771 outsize=196 ok=1
Cmd: preprocess
  insize=771 outsize=196 ok=1
Cmd: preprocess
  insize=771 outsize=196 ok=1
Cmd: preprocess
  insize=771 outsize=196 ok=1
Cmd: preprocess
  insize=771 outsize=196 ok=1
Cmd: preprocess
  insize=771 outsize=196 ok=1
Cmd: preprocess
  insize=74806 outsize=2524 ok=1
Cmd: preprocess
  insize=5795 outsize=632 ok=1
Cmd: preprocess
  insize=3527 outsize=631 ok=1
Cmd: preprocess
  insize=6086 outsize=630 ok=1
Cmd: preprocess
  insize=6410 outsize=633 ok=1
Cmd: preprocess
  insize=6689 outsize=628 ok=1
Cmd: preprocess
  insize=4050 outsize=634 ok=1
Cmd: preprocess
  insize=5401 outsize=638 ok=1
Cmd: preprocess
  insize=4183 outsize=639 ok=1
Cmd: preprocess
  insize=3527 outsize=632 ok=1
Cmd: preprocess
  insize=3604 outsize=636 ok=1
Cmd: preprocess
  insize=6130 outsize=633 ok=1
Cmd: preprocess
  insize=6799 outsize=627 ok=1
Cmd: preprocess
  insize=3577 outsize=632 ok=1
Cmd: shutdown
